<?xml version="1.0" encoding="UTF-8"?>
<!-- Generated by org.testng.reporters.JUnitXMLReporter -->
<testsuite ignored="0" hostname="Kaushik" failures="0" tests="3" name="Test" time="19.417" errors="0" timestamp="2023-12-14T18:15:59 IST">
  <testcase classname="com.ibm.testcases.CreateAccountRediffmailTest" name="AccountCreateRediffmail" time="3.534"/>
  <testcase classname="com.ibm.testcases.CreateAccountRediffmailTest" name="AccountCreateRediffmail" time="3.474"/>
  <testcase classname="com.ibm.testcases.CreateAccountRediffmailTest" name="AccountCreateRediffmail" time="3.4"/>
</testsuite> <!-- Test -->
