<?xml version="1.0" encoding="UTF-8"?>
<!-- Generated by org.testng.reporters.JUnitXMLReporter -->
<testsuite ignored="0" hostname="LAPTOP-7REP2B3U" failures="0" tests="2" name="Send Mail Test Case" time="10.98" errors="0" timestamp="2023-12-28T14:05:03 IST">
  <testcase classname="com.ibm.testcases.SendMailRediffmailTest" name="SendMailRediffmail" time="0.0">
    <skipped/>
  </testcase> <!-- SendMailRediffmail -->
  <testcase classname="com.ibm.testcases.SendMailRediffmailTest" name="SendMailRediffmail" time="0.0">
    <skipped/>
  </testcase> <!-- SendMailRediffmail -->
</testsuite> <!-- Send Mail Test Case -->
