<?xml version="1.0" encoding="UTF-8"?>
<testsuite xmlns:xsi="http://www.w3.org/2001/XMLSchema-instance" xsi:noNamespaceSchemaLocation="https://maven.apache.org/surefire/maven-surefire-plugin/xsd/surefire-test-report.xsd" name="TestSuite" time="12.296" tests="15" errors="0" skipped="13" failures="2">
  <properties>
[...]
</properties>
  <testcase name="SetUp" classname="com.ibm.testcases.SendMailRediffmailTest" time="12.11">
    <failure message="Could not start a new session. Possible causes are invalid address of the remote server or browser start-up failure. &#10;Host info: host: &apos;LAPTOP-7REP2B3U&apos;, ip: &apos;9.193.18.111&apos;" type="org.openqa.selenium.SessionNotCreatedException">org.openqa.selenium.SessionNotCreatedException: 
Could not start a new session. Possible causes are invalid address of the remote server or browser start-up failure. 
Host info: host: 'LAPTOP-7REP2B3U', ip: '9.193.18.111'
	at com.ibm.testcases.SendMailRediffmailTest.SetUp(SendMailRediffmailTest.java:59)
Caused by: org.openqa.selenium.TimeoutException: 
java.net.http.HttpConnectTimeoutException: HTTP connect timed out
Build info: version: '4.15.0', revision: '1d14b5521b'
System info: os.name: 'Windows 11', os.arch: 'amd64', os.version: '10.0', java.version: '11.0.21'
Driver info: driver.version: RemoteWebDriver
	at com.ibm.testcases.SendMailRediffmailTest.SetUp(SendMailRediffmailTest.java:59)
Caused by: java.net.http.HttpConnectTimeoutException: HTTP connect timed out
Caused by: java.net.ConnectException: HTTP connect timed out
</failure>
    <system-out><![CDATA[CreateAccountRediffmailTest is present in row number 1
SendMailRediffmailTest is present in row number 7
SendMailRediffmailTest has 5 columns filled with data
CreateAccountRediffmailTest has 7 columns filled with data
SendMailRediffmailTest has 2 rows filled with data
CreateAccountRediffmailTest has 3 rows filled with data
]]></system-out>
    <system-err><![CDATA[SLF4J: No SLF4J providers were found.
SLF4J: Defaulting to no-operation (NOP) logger implementation
SLF4J: See https://www.slf4j.org/codes.html#noProviders for further details.
Dec 28, 2023 2:04:53 PM org.openqa.selenium.remote.tracing.opentelemetry.OpenTelemetryTracer createTracer
INFO: Using OpenTelemetry for tracing
]]></system-err>
  </testcase>
  <testcase name="SetUp" classname="com.ibm.testcases.SendMailRediffmailTest" time="0">
    <skipped/>
  </testcase>
  <testcase name="SetUp" classname="com.ibm.testcases.CreateAccountRediffmailTest" time="12.11">
    <failure message="Could not start a new session. Possible causes are invalid address of the remote server or browser start-up failure. &#10;Host info: host: &apos;LAPTOP-7REP2B3U&apos;, ip: &apos;9.193.18.111&apos;" type="org.openqa.selenium.SessionNotCreatedException">org.openqa.selenium.SessionNotCreatedException: 
Could not start a new session. Possible causes are invalid address of the remote server or browser start-up failure. 
Host info: host: 'LAPTOP-7REP2B3U', ip: '9.193.18.111'
	at com.ibm.testcases.CreateAccountRediffmailTest.SetUp(CreateAccountRediffmailTest.java:75)
Caused by: org.openqa.selenium.TimeoutException: 
java.net.http.HttpConnectTimeoutException: HTTP connect timed out
Build info: version: '4.15.0', revision: '1d14b5521b'
System info: os.name: 'Windows 11', os.arch: 'amd64', os.version: '10.0', java.version: '11.0.21'
Driver info: driver.version: RemoteWebDriver
	at com.ibm.testcases.CreateAccountRediffmailTest.SetUp(CreateAccountRediffmailTest.java:75)
Caused by: java.net.http.HttpConnectTimeoutException: HTTP connect timed out
Caused by: java.net.ConnectException: HTTP connect timed out
</failure>
  </testcase>
  <testcase name="SetUp" classname="com.ibm.testcases.CreateAccountRediffmailTest" time="0">
    <skipped/>
  </testcase>
  <testcase name="SetUp" classname="com.ibm.testcases.CreateAccountRediffmailTest" time="0">
    <skipped/>
  </testcase>
  <testcase name="SendMailRediffmail" classname="com.ibm.testcases.SendMailRediffmailTest" time="0">
    <skipped message="Could not start a new session. Possible causes are invalid address of the remote server or browser start-up failure. &#10;Host info: host: &apos;LAPTOP-7REP2B3U&apos;, ip: &apos;9.193.18.111&apos;"/>
  </testcase>
  <testcase name="SendMailRediffmail" classname="com.ibm.testcases.SendMailRediffmailTest" time="0">
    <skipped message="Could not start a new session. Possible causes are invalid address of the remote server or browser start-up failure. &#10;Host info: host: &apos;LAPTOP-7REP2B3U&apos;, ip: &apos;9.193.18.111&apos;"/>
  </testcase>
  <testcase name="AccountCreateRediffmail" classname="com.ibm.testcases.CreateAccountRediffmailTest" time="0">
    <skipped message="Could not start a new session. Possible causes are invalid address of the remote server or browser start-up failure. &#10;Host info: host: &apos;LAPTOP-7REP2B3U&apos;, ip: &apos;9.193.18.111&apos;"/>
  </testcase>
  <testcase name="AccountCreateRediffmail" classname="com.ibm.testcases.CreateAccountRediffmailTest" time="0">
    <skipped message="Could not start a new session. Possible causes are invalid address of the remote server or browser start-up failure. &#10;Host info: host: &apos;LAPTOP-7REP2B3U&apos;, ip: &apos;9.193.18.111&apos;"/>
  </testcase>
  <testcase name="AccountCreateRediffmail" classname="com.ibm.testcases.CreateAccountRediffmailTest" time="0">
    <skipped message="Could not start a new session. Possible causes are invalid address of the remote server or browser start-up failure. &#10;Host info: host: &apos;LAPTOP-7REP2B3U&apos;, ip: &apos;9.193.18.111&apos;"/>
  </testcase>
  <testcase name="TearDown" classname="com.ibm.testcases.CreateAccountRediffmailTest" time="0">
    <skipped/>
  </testcase>
  <testcase name="TearDown" classname="com.ibm.testcases.CreateAccountRediffmailTest" time="0">
    <skipped/>
  </testcase>
  <testcase name="TearDown" classname="com.ibm.testcases.CreateAccountRediffmailTest" time="0">
    <skipped/>
  </testcase>
  <testcase name="TearDown" classname="com.ibm.testcases.SendMailRediffmailTest" time="0">
    <skipped/>
  </testcase>
  <testcase name="TearDown" classname="com.ibm.testcases.SendMailRediffmailTest" time="0">
    <skipped/>
  </testcase>
</testsuite>